* Starting client
* Connecting to master process on port 20694
* Analyzing classpath: 
  - C:\Users\MG\Dropbox\CS362\CS362-001-SP17\projects\aburasa\assignment-1\target\classes
* Finished analyzing classpath
* Generating tests for class edu.osu.cs362.WarmUp
* Test criteria:
  - Line Coverage
  - Branch Coverage
  - Exception
  - Mutation testing (weak)
  - Method-Output Coverage
  - Top-Level Method Coverage
  - No-Exception Top-Level Method Coverage
  - Branch Coverage
* Setting up search algorithm for whole suite generation
[MASTER] 00:05:41.408 [pool-2-thread-1] WARN  TestSuiteSerialization - Cannot load tests because file does not exist: C:\Users\MG\Dropbox\CS362\CS362-001-SP17\projects\aburasa\assignment-1\.evosuite\evosuite-seeds\edu.osu.cs362.WarmUp.seed
* Total number of test goals: 
  - Line 24
  - Branch 25
  - Exception 0
  - MutationFactory 137
  - Output 15
  - Method 6
  - MethodNoException 6
  - CBranchFitnessFactory 25
* Using seed 1492499140143
* Starting evolution
* Search finished after 73s and 1117 generations, 380109 statements, best individual has fitness: 12.666666666666664
* Writing sequences to pool
* Minimizing test suite
* Coverage analysis for criterion LINE
* Coverage of criterion LINE: 96%
* Total number of goals: 24
* Number of covered goals: 23
* Coverage analysis for criterion BRANCH
* Coverage of criterion BRANCH: 96%
* Total number of goals: 25
* Number of covered goals: 24
* Coverage analysis for criterion EXCEPTION
* Coverage of criterion EXCEPTION: 100%
* Total number of goals: 5
* Number of covered goals: 5
* Coverage analysis for criterion WEAKMUTATION
* Coverage of criterion WEAKMUTATION: 93%
* Total number of goals: 137
* Number of covered goals: 128
* Coverage analysis for criterion OUTPUT
* Coverage of criterion OUTPUT: 67%
* Total number of goals: 15
* Number of covered goals: 10
* Coverage analysis for criterion METHOD
* Coverage of criterion METHOD: 100%
* Total number of goals: 6
* Number of covered goals: 6
* Coverage analysis for criterion METHODNOEXCEPTION
* Coverage of criterion METHODNOEXCEPTION: 100%
* Total number of goals: 6
* Number of covered goals: 6
* Coverage analysis for criterion CBRANCH
* Coverage of criterion CBRANCH: 96%
* Total number of goals: 25
* Number of covered goals: 24
* Generated 18 tests with total length 43
* Coverage of criterion STATEMENT: 98%
* Total number of goals: 101
* Number of covered goals: 99
* Coverage of criterion ONLYBRANCH: 96%
* Total number of goals: 24
* Number of covered goals: 23
* Coverage of criterion IBRANCH: 96%
* Total number of goals: 25
* Number of covered goals: 24
* Coverage of criterion ONLYMUTATION: 93%
* Total number of goals: 137
* Number of covered goals: 128
* Coverage of criterion MUTATION: 55%
* Total number of goals: 137
* Number of covered goals: 76
* Coverage of criterion INPUT: 0%
* Total number of goals: 16
* Number of covered goals: 0
* Coverage of criterion METHODTRACE: 100%
* Total number of goals: 6
* Number of covered goals: 6
* Resulting test suite's coverage: 93% (average coverage for all fitness functions)
* Generating assertions
* Resulting test suite's mutation score: 79%
* Compiling and checking tests
* Writing JUnit test case 'WarmUp_ESTest' to C:\Users\MG\Dropbox\CS362\CS362-001-SP17\projects\aburasa\assignment-1\.evosuite\tmp_2017_04_18_00_05_38\tests
* Done!

