* Starting client
* Connecting to master process on port 11920
* Analyzing classpath: 
  - C:\Users\MG\Dropbox\CS362\CS362-001-SP17\projects\giovanmi\assignment-1\target\classes
* Finished analyzing classpath
* Generating tests for class histogram
* Test criteria:
  - Line Coverage
  - Branch Coverage
  - Exception
  - Mutation testing (weak)
  - Method-Output Coverage
  - Top-Level Method Coverage
  - No-Exception Top-Level Method Coverage
  - Branch Coverage
* Setting up search algorithm for whole suite generation
[MASTER] 23:56:34.103 [pool-2-thread-1] WARN  TestSuiteSerialization - Cannot load tests because file does not exist: C:\Users\MG\Dropbox\CS362\CS362-001-SP17\projects\giovanmi\assignment-1\.evosuite\evosuite-seeds\histogram.seed
* Total number of test goals: 
  - Line 69
  - Branch 51
  - Exception 0
  - MutationFactory 95
  - Output 0
  - Method 2
  - MethodNoException 2
  - CBranchFitnessFactory 51
* Using seed 1492498592791
* Starting evolution
* Search finished after 61s and 484 generations, 105584 statements, best individual has fitness: 12.324786324786324
* Writing sequences to pool
* Minimizing test suite
* Coverage analysis for criterion LINE
* Coverage of criterion LINE: 100%
* Total number of goals: 69
* Number of covered goals: 69
* Coverage analysis for criterion BRANCH
* Coverage of criterion BRANCH: 98%
* Total number of goals: 51
* Number of covered goals: 50
* Coverage analysis for criterion EXCEPTION
* Coverage of criterion EXCEPTION: 100%
* Total number of goals: 2
* Number of covered goals: 2
* Coverage analysis for criterion WEAKMUTATION
* Coverage of criterion WEAKMUTATION: 99%
* Total number of goals: 95
* Number of covered goals: 94
* Coverage analysis for criterion OUTPUT
* Coverage of criterion OUTPUT: 100% (no goals)
* Coverage analysis for criterion METHOD
* Coverage of criterion METHOD: 100%
* Total number of goals: 2
* Number of covered goals: 2
* Coverage analysis for criterion METHODNOEXCEPTION
* Coverage of criterion METHODNOEXCEPTION: 100%
* Total number of goals: 2
* Number of covered goals: 2
* Coverage analysis for criterion CBRANCH
* Coverage of criterion CBRANCH: 98%
* Total number of goals: 51
* Number of covered goals: 50
* Generated 14 tests with total length 49
* Coverage of criterion STATEMENT: 100%
* Total number of goals: 269
* Number of covered goals: 269
* Coverage of criterion ONLYBRANCH: 98%
* Total number of goals: 50
* Number of covered goals: 49
* Coverage of criterion IBRANCH: 98%
* Total number of goals: 51
* Number of covered goals: 50
* Coverage of criterion ONLYMUTATION: 99%
* Total number of goals: 95
* Number of covered goals: 94
